
ROM used: 201 (2%)
          201 (2%) including unused fragments

          0 Average locations per line
          1 Average locations per statement

RAM used: 19 (5%) at main() level
          21 (6%) worst case

Stack used: 2 worst case (out of 8 total available)

Lines Stmts  %   Files
----- ----- ---  -----
   73    30   8  P6.c
  425     0   0  ..\..\..\..\..\..\..\Program Files (x86)\PICC\devices\16F887.h
 1273   359  92  ..\..\..\..\..\..\..\Program Files (x86)\PICC\drivers\stdlib.h
   28     0   0  ..\..\..\..\..\..\..\Program Files (x86)\PICC\drivers\stddef.h
  409     0   0  ..\..\..\..\..\..\..\Program Files (x86)\PICC\drivers\string.h
   28     0   0  ..\..\..\..\..\..\..\Program Files (x86)\PICC\drivers\ctype.h
   37     0   0  ..\..\..\..\..\..\..\Program Files (x86)\PICC\drivers\stdio.h
----- -----
 2273   389 Total

Page ROM  %  RAM   Vol Diff  Functions:
---- --- --- ---   --- ----  ----------
0     21  10   1             @delay_ms1
0    105  52   0   423  1.9  MAIN
0     26  13   1   183  2.7  interrupcion_serial

Program metrics:
    Functions               2
    Statements              389
    Comments                644
    Volume (V)              718
    Difficilty (D)          4.6
    Effort to implement (E) 3282
    Time to implement (T)   3 minutes
    Est Delivered Bugs (B)  0
    Cyclomatic Complexity   3
    Maintainability (MI)    78

 Segment     Used  Free
-----------  ----  ----
00000-00003     4  0  
00004-00030    45  0  
00031-007FF   152  1847  
00800-00FFF     0  2048  
01000-017FF     0  2048  
01800-01FFF     0  2048  



